2 175 138 
3 132 181 0 
4 183 64 217 156 
5 130 222 128 227 168 
4 149 112 96 87 
2 278 223 
3 165 18 148 
3 173 10 216 
2 274 56 
2 2 249 
2 211 232 
2 52 214 
3 9 57 116 
4 77 79 74 294 
4 123 283 190 245 
1 169 
4 153 158 254 166 
2 189 42 
2 84 53 
1 247 
2 151 72 
3 208 243 220 
2 194 298 
4 186 6 68 32 
2 69 11 
2 257 296 
2 233 131 
2 240 50 
2 270 8 
3 272 61 241 
2 94 102 
4 206 98 48 179 
5 231 239 261 19 85 
5 30 235 207 21 161 
2 37 267 
1 178 
2 135 129 
2 229 137 
4 256 118 295 285 
1 46 
1 49 
2 293 210 
4 228 5 114 286 
3 279 263 259 
3 251 28 88 
3 1 162 75 
3 215 76 277 
2 143 290 
4 66 191 174 136 
3 97 246 99 
4 252 119 121 95 
4 120 122 204 234 
4 100 170 60 103 
2 262 133 
4 192 90 244 271 
2 17 92 
5 176 117 225 54 33 
4 288 268 40 34 
2 126 226 
3 154 26 197 
4 182 147 188 164 
1 47 
4 115 269 159 110 
5 71 202 230 218 193 
5 43 86 200 144 58 
3 55 73 185 
5 145 157 111 284 171 
7 67 109 177 3 209 281 44 
2 142 14 
2 59 287 
2 297 180 
3 250 81 62 
1 280 
4 266 205 63 4 
2 152 83 
2 104 258 
4 51 172 224 167 
4 78 163 236 276 
4 238 195 15 65 
3 196 16 41 
3 35 219 213 
3 255 253 203 
4 45 101 23 184 
4 289 125 134 7 
2 106 89 
3 248 25 198 
4 242 22 150 212 
4 12 146 273 127 
4 199 29 39 80 
3 31 38 260 
3 265 160 91 
4 139 140 237 282 
1 155 
2 292 107 
1 264 
1 141 
5 124 27 113 24 108 
3 291 187 36 
6 93 201 70 82 105 13 
3 20 275 221 
